<?xml version="1.0" encoding="UTF-8"?>
<!-- Generated by org.testng.reporters.JUnitReportReporter -->
<testsuite hostname="YASHPALs-MBP" name="testcases.VerifyLoginPage" tests="1" failures="0" timestamp="5 Sep 2016 13:31:33 GMT" time="55.000" errors="0">
  <testcase name="testHomePage" time="55.000" classname="testcases.VerifyLoginPage"/>
</testsuite> <!-- testcases.VerifyLoginPage -->
