<?xml version="1.0" encoding="UTF-8"?>
<!-- Generated by org.testng.reporters.JUnitReportReporter -->
<testsuite hostname="YASHPALs-MBP" name="testcases.VerifyHomePage" tests="1" failures="0" timestamp="5 Sep 2016 13:31:33 GMT" time="33.191" errors="0">
  <testcase name="testHomePage" time="33.191" classname="testcases.VerifyHomePage"/>
</testsuite> <!-- testcases.VerifyHomePage -->
