<?xml version="1.0" encoding="UTF-8"?>
<!-- Generated by org.testng.reporters.JUnitReportReporter -->
<testsuite hostname="YASHPALs-MacBook-Pro.local" name="testcases.VerifyLoginPageWithReport" tests="1" failures="0" timestamp="5 Sep 2016 11:44:25 GMT" time="53.895" errors="0">
  <testcase name="testHomePage" time="53.895" classname="testcases.VerifyLoginPageWithReport"/>
</testsuite> <!-- testcases.VerifyLoginPageWithReport -->
