<?xml version="1.0" encoding="UTF-8"?>
<!-- Generated by org.testng.reporters.JUnitReportReporter -->
<testsuite hostname="YASHPALs-MacBook-Pro.local" name="testcases.VerifyHomePage" tests="1" failures="0" timestamp="5 Sep 2016 11:07:38 GMT" time="32.928" errors="0">
  <testcase name="testHomePage" time="32.928" classname="testcases.VerifyHomePage"/>
</testsuite> <!-- testcases.VerifyHomePage -->
